"current_file"
"Iteration" "current etc.."
("Iteration" "current" "max_temperature" "min_temperature")
1 0 1180.3 1060.03227572036
2 15957064.15315437 1062.27 954.0290481483241
3 17714030.70270545 971.406558218938 867.0479359600134
4 13316238.3221793 1044.444032647568 782.4111035421786
5 9403010.926601151 1119.170480936528 704.1700900262041
6 6246764.73366781 1056.923742467502 633.7530810235837
7 4061464.736933832 1069.087239567954 570.3777729212254
8 2618915.717141974 1068.029169790924 513.3400469999958
9 1677529.989773309 1067.506920597384 504.6933681465738
10 1067717.339827737 1066.062501040945 555.1627049612312
11 676762.6510641496 1065.048284916968 610.6789754573543
12 428832.1847793929 1065.897250535669 571.6743592321943
13 274110.1809492378 1096.819249711366 620.0909150224038
14 181121.4099329245 1113.129366397279 682.1000065246442
15 124285.6915758487 1110.859708183047 750.3100071771087
16 87647.7666758838 1100.417061060593 825.3410078948197
17 62495.31494897244 1065.648604340914 907.8751086843017
18 45053.45919905287 1065.86241688608 998.6626195527319
19 32890.77310454307 1065.813782772743 1001.822192824858
20 24341.9068364163 1065.844288222395 1010.010179620203
21 18262.11861219982 1065.873913027401 1007.444585635804
22 13885.52915500382 1065.742902120735 1006.043143644745
23 10719.06949184528 1065.634574780695 1006.752191340266
24 8454.938250918125 1065.46526299609 1004.886160525613
25 6878.578780690359 1065.301029517998 1003.470061098529
26 5805.95433515875 1065.139172731577 1002.181003306522
27 5084.042381235417 1064.995438533093 1001.094798783542
28 4600.586099979193 1064.864753030875 1000.298627467164
29 4276.229534858527 1064.749161211084 999.4453600609214
30 4056.354205955023 1064.64127424473 998.4860293963318
31 3904.207447294946 1064.543120322154 997.50383241619
32 3795.829382446882 1064.444539216426 996.4611571014356
33 3716.370004685582 1064.34933470893 995.4228824969931
34 3656.741819967932 1064.255710116132 994.4044228134733
35 3611.8339811243 1064.163056651261 993.3974043491478
36 3578.418922583042 1064.07283266112 992.4315945512493
37 3554.056015456285 1063.984716800077 991.5119724619118
38 3536.682373753903 1063.899893003135 990.6380456229816
39 3524.498851286556 1063.818668200063 989.8332407077579
40 3516.037408598808 1063.740432699928 989.0593728286315
41 3510.164981481191 1063.664509416756 988.2862227740524
42 3505.865788981577 1063.592714693239 987.5715570598865
43 3502.423622540998 1063.522310145193 986.8504925179101
44 3499.478135252705 1063.453870146009 986.1516507878965
45 3496.884812977374 1063.389356518803 985.4983703326236
46 3494.689320179881 1063.326495235081 984.8624943315897
47 3492.962427083264 1063.264895842206 984.2234789133898
48 3491.702398770239 1063.205602041383 983.6113237971933
49 3490.825431701322 1063.148155531037 983.0240361775675
50 3490.213254301461 1063.092732805147 982.459593219945
51 3489.760696381916 1063.039235453002 981.9155502792828
52 3489.388740283701 1062.987620499898 981.3906728732746
53 3489.047199434653 1062.937841558972 980.8842982006427
54 3488.710853567424 1062.889507512074 980.3949908066377
55 3488.355331404129 1062.843182877855 979.9225096927437
56 3488.00464378549 1062.798529147373 979.4663494428014
57 3487.651688807931 1062.755229904366 979.0261825040816
58 3487.312712214409 1062.713473242281 978.6009193808131
59 3486.982307111017 1062.673914587108 978.2058731054265
60 3486.673534996066 1062.635600031847 977.8220075063424
61 3486.38985500439 1062.598753641913 977.4497576846027
62 3486.127115166482 1062.563202811307 977.0894998355196
63 3485.881483705802 1062.528235825731 976.7279229584304
64 3485.643838124717 1062.494575025262 976.3804600075352
65 3485.40755442676 1062.461969597096 976.0464242103882
66 3485.176338710552 1062.430469632871 975.7246889691294
67 3484.949616058467 1062.40004108567 975.4144420243017
68 3484.730307858269 1062.370669294914 975.1152712027084
69 3484.521450310984 1062.342291852132 974.8265337800532
70 3484.320999280113 1062.314910006401 974.547842268611
71 3484.13253603473 1062.288477821992 974.2790365783293
72 3483.952865014527 1062.262969514892 974.0197225703018
73 3483.780699904451 1062.238340107594 973.7693467483965
74 3483.612651945959 1062.214577028996 973.5277159830172
75 3483.451442754082 1062.191634717666 973.2944939351578
76 3483.295528009611 1062.169491169101 973.0693678153681
77 3483.144841054563 1062.148121144352 972.8521258403656
78 3482.99980628292 1062.127490836827 972.642431554484
79 3482.858742284237 1062.107577953125 972.4400030033255
80 3482.722033884738 1062.088356731606 972.2446011266192
81 3482.590584358712 1062.069798896429 972.0559036478795
82 3482.464895566526 1062.051888496355 971.8738129829053
83 3482.344819042047 1062.034599154809 971.6981194923643
84 3482.228429685049 1062.017918328852 971.5285940889544
85 3482.116885049697 1062.001813904335 971.3649611138305
86 3482.008900098507 1061.986271122375 971.2070033305365
87 3481.904259873947 1061.971268400039 971.0545276153049
88 3481.803186810118 1061.956785857234 970.9073512502586
89 3481.705880296263 1061.942809136077 970.765295716373
90 3481.612316248299 1061.929319445133 970.6282166271851
91 3481.522340208885 1061.916295685429 970.4958716438382
92 3481.434730460426 1061.903728263857 970.3681488351536
93 3481.350423773325 1061.891592835889 970.2448056418134
94 3481.268745495319 1061.87988207433 970.1257943738796
95 3481.189654315308 1061.868578467193 970.0109372908997
96 3481.113392388915 1061.857667975263 969.9000719521173
97 3481.040072538891 1061.847136969428 969.793063519779
98 3480.969637880853 1061.836969684377 969.6897274701505
99 3480.901908864194 1061.827158091785 969.5900298078649
100 3480.836639419637 1061.817687941408 969.4938169080317
101 3480.773664616223 1061.808548538192 969.4009668608506
102 3480.712838826709 1061.799724917304 969.3113197661016
103 3480.653484942593 1061.791210217749 969.2248006403737
104 3480.596264383416 1061.782989369024 969.1412716281186
105 3480.540827082628 1061.775056381893 969.0606635786538
106 3480.487706141551 1061.767398260247 968.9828613016751
107 3480.43637934753 1061.760005609212 968.9077463062043
108 3480.386715011336 1061.752871629082 968.8352601001186
109 3480.339197648756 1061.745984911557 968.7652997581907
110 3480.293246678286 1061.739337830216 968.6977684387602
111 3480.248708564715 1061.732921805559 968.6325824095534
112 3480.205613812244 1061.726728840963 968.5696616141146
113 3480.164025485058 1061.720751172636 968.5089289995494
114 3480.123960836676 1061.714981464923 968.4503152805223
115 3480.085214400367 1061.709412397031 968.3937334576946
116 3480.047963778454 1061.704037100843 968.3391248868389
117 3480.011987069896 1061.698848574821 968.2864101520159
118 3479.977392117315 1061.693840563019 968.235528936705
119 3479.944091881396 1061.689006702055 968.1864235292568
120 3479.911831448356 1061.684340843878 968.1390206869053
121 3479.88071933139 1061.67983736089 968.0932702903167
122 3479.850582144345 1061.675490381561 968.0491107511579
123 3479.821419763276 1061.671294530439 968.0064810243373
124 3479.793376721673 1061.667244635845 967.9653382415926
125 3479.766283606785 1061.663335496506 967.9256271037993
126 3479.740109333216 1061.659562332535 967.8872961635252
127 3479.71483810254 1061.655920357603 967.8502977928256
128 3479.690453201079 1061.652405018713 967.8145858359546
129 3479.666933759258 1061.649011901197 967.7801157370953
130 3479.644248509141 1061.645736773245 967.7468443942246
131 3479.622362946553 1061.642575516632 967.7147301282973
132 3479.601242090207 1061.639524177018 967.6837326627516
133 3479.580853000938 1061.636578929179 967.6538131065065
134 3479.561166424107 1061.633736083478 967.6249339350844
135 3479.542156941944 1061.630992078436 967.5970589539526
136 3479.523802199953 1061.628343477773 967.5701532453925
137 3479.506081596488 1061.625786964532 967.5441831141561
138 3479.488975185956 1061.623319337749 967.5191160370495
139 3479.472463105665 1061.620937507474 967.4949206169899
140 3479.456525311517 1061.618638491095 967.4715665432848
141 3479.441141954506 1061.616419409532 967.449024554624
142 3479.42629344564 1061.614277483477 967.4272664061712
143 3479.411960852534 1061.612210030367 967.4062648355414
144 3479.398125859894 1061.610214460783 967.3859935298914
145 3479.384771055934 1061.608288279259 967.3664270770107
146 3479.37187969713 1061.606429061595 967.3475409818343
147 3479.359435709363 1061.604634490336 967.3293115886814
148 3479.347423562016 1061.602902313363 967.3117160609557
149 3479.335828351889 1061.60123037442 967.2947323229863
150 3479.324635802056 1061.599616566731 967.2783392184157
151 3479.314040785163 1061.598058867421 967.2625161507582
152 3479.303568924763 1061.596555327538 967.2472432771908
153 3479.293650847489 1061.595104063197 967.2325014606413
154 3479.284061087655 1061.593703258116 967.2182722319534
155 3479.27476809584 1061.592351157156 967.2045377656519
156 3479.265768280958 1061.591046067251 967.191280856945
157 3479.257059650087 1061.589786353828 967.1784848997738
158 3479.248638383083 1061.588570439088 967.1661338741771
159 3479.240498364145 1061.587396800236 967.1542122933555
160 3479.232633569673 1061.586263967416 967.1427052209276
161 3479.225036981709 1061.585170515523 967.1315982247104
162 3479.21770515203 1061.584115084901 967.1208774355166
163 3479.210624337743 1061.583099332898 967.1105327982198
164 3479.203722664933 1061.582106096409 967.1005412185796
165 3479.1971175879 1061.581165255275 967.0908965102135
166 3479.190756860622 1061.580248809213 967.0815916435286
167 3479.184568287341 1061.579360878839 967.0726067370543
168 3479.178645795037 1061.5785095982 967.0639350350582
169 3479.172942506546 1061.577687536016 967.0555687383307
170 3479.167383533492 1061.576888416115 967.0474897452306
171 3479.162055128171 1061.576125251048 967.0396944364072
172 3479.157073194276 1061.575379927197 967.0321671939639
173 3479.152083459129 1061.574669092829 967.0249045382573
174 3479.147404120191 1061.573974645562 967.0178917172364
175 3479.142722740788 1061.573312398578 967.0111253820862
176 3479.138339613964 1061.57266731443 967.0045944232838
177 3479.134101621833 1061.572047047936 966.9982888363526
178 3479.129982579239 1061.571447696415 966.9922024322173
179 3479.125989124429 1061.570869330704 966.9863275714949
180 3479.12212662037 1061.570311042559 966.9806570838515
181 3479.118394442063 1061.569772182793 966.9751838097682
182 3479.114788241233 1061.569252065421 966.9699009038204
183 3479.11130234528 1061.56875003878 966.9648043276954
184 3479.107931416854 1061.568265487964 966.9598834767594
185 3479.104671460957 1061.567797799129 966.9551333851034
186 3479.101519461572 1061.567346378083 966.9505482968532
187 3479.098473053441 1061.566910656296 966.9461225508268
188 3479.095530040141 1061.566489884914 966.9418484732109
189 3479.092688068054 1061.566081030148 966.9377204675595
190 3479.089942465215 1061.565691851775 966.9337362483287
191 3479.087289233486 1061.565312369501 966.9298912810095
192 3479.084728419491 1061.56494710621 966.9261803950238
193 3479.082257899867 1061.564594984968 966.9225987926795
194 3479.079873697359 1061.564254794464 966.9191422455152
195 3479.077573789039 1061.563926434394 966.9158063132201
196 3479.075544742488 1061.56360949663 966.9125866600816
197 3479.07340226474 1061.563303574084 966.9094791418285
198 3479.071486436475 1061.563008289092 966.9064798001552
199 3479.069450099065 1061.562723274531 966.9035848359092
200 3479.067632413643 1061.562448172472 966.9007906010044
201 3479.065708366272 1061.562182640361 966.898093580411
202 3479.06399541627 1061.569994707255 966.9035289913209
203 3479.062188827741 1061.569921429515 966.9130552684237
204 3479.075892216868 1061.572426606233 966.925219742217
205 3479.098120183959 1061.574049136614 966.9388106964178
206 3479.122353963573 1061.575710934586 966.953013131244
207 3479.143235068207 1061.577245418805 966.9673285130621
208 3479.158437610453 1061.578716083142 966.9814761832899
209 3479.168153630736 1061.580114264216 966.9952973247623
210 3479.174189908237 1061.581464561723 967.0087283766105
211 3479.178673453222 1061.582759921386 967.0217463690487
212 3479.183165340417 1061.58400905009 967.0343501507643
213 3479.188643133565 1061.585213627191 967.0465468947307
214 3479.195332122698 1061.586376017953 967.0583398378632
215 3479.202899115016 1061.587498032813 967.0697346039575
216 3479.210869355583 1061.588581181648 967.0807386086992
217 3479.21881389249 1061.58962678335 967.0913610120177
218 3479.226441556514 1061.590636163521 967.1016142952302
219 3479.233617815041 1061.591610253942 967.1115068799443
220 3479.240290348248 1061.592550553078 967.121054993976
221 3479.246573603689 1061.593457988376 967.1302699598784
222 3479.252527377489 1061.594333790886 967.1391637373077
223 3479.258231455933 1061.595179072486 967.1477481766817
224 3479.26375398219 1061.595994913846 967.1560344396989
225 3479.269126545324 1061.596782361309 967.1640330054487
226 3479.274357669295 1061.597542842917 967.1717549930362
227 3479.279243070849 1061.598275985464 967.1792066986274
228 3479.284162387963 1061.598984243417 967.1864000211528
229 3479.288759477094 1061.599667647555 967.1933428581254
230 3479.293384128405 1061.600327323065 967.2000436513376
231 3479.297674640183 1061.600964033709 967.2065110315825
232 3479.301802301958 1061.601577735335 967.2127500279772
233 3479.305851313463 1061.602171256849 967.2187728557564
234 3479.309811048578 1061.602743638354 967.2245878319915
235 3479.313658304971 1061.603296234071 967.2302007583778
236 3479.317375433513 1061.603829589938 967.2356185205488
237 3479.320958768005 1061.604344400263 967.2408476517603
238 3479.324411190651 1061.60484129532 967.2458947901308
239 3479.327740272154 1061.605320901233 967.2507663131209
240 3479.330954506334 1061.605783873599 967.2554692440112
241 3479.334061145149 1061.606230633249 967.2600074157035
242 3479.337044937665 1061.606661970993 967.2643884412468
243 3479.339932511024 1061.607078171885 967.2686162515289
244 3479.34271668507 1061.607480018728 967.2726978007107
245 3479.34541994074 1061.607867765341 967.2766367008273
246 3479.348029590707 1061.608242143275 967.2804393448454
247 3479.350561299252 1061.608603386232 967.2841090598782
248 3479.353000733118 1061.608952174716 967.2876517854373
249 3479.355362367642 1061.60928876539 967.2910712678904
250 3479.35763438567 1061.609613633786 967.294370902994
251 3479.359632423568 1061.609927266156 967.297556488959
252 3479.361749278393 1061.610229937404 967.3006313108299
253 3479.363640779231 1061.610522101748 967.3035989969964
254 3479.365645838835 1061.610804093897 967.3064633788255
255 3479.367433386505 1061.611076276915 967.3092280823987
256 3479.369324744297 1061.611338989638 967.3118966186183
257 3479.371010301764 1061.611592564087 967.3144723494952
258 3479.372600198884 1061.611837317937 967.3169585095237
259 3479.374342565408 1061.612073557997 967.3193582069824
260 3479.37589810186 1061.612301581717 967.3216744365417
261 3479.377360795194 1061.612521673786 967.3239100926115
262 3479.378770576002 1061.612734109934 967.326067973454
263 3479.380143380127 1061.612939156377 967.3281507836821
264 3479.381484295246 1061.613137069985 967.3301611364921
265 3479.382793816017 1061.613328098862 967.3321015547574
266 3479.384070890308 1061.613512482463 967.3339744734327
267 3479.385314061131 1061.613690452032 967.3357822419707
268 3479.386522123913 1061.613862230697 967.3375271272081
269 3479.387694345695 1061.614028033887 967.3392113162296
270 3479.388830388082 1061.614188069455 967.3408369201702
271 3479.389930181295 1061.614342538046 967.3424059763561
272 3479.390994063782 1061.614491633329 967.3439204514784
273 3479.392022674244 1061.614635542207 967.3453822439841
274 3479.393016676906 1061.614774445057 967.3467931864212
275 3479.393976911962 1061.614908516012 967.3481550477106
276 3479.394904302145 1061.615037923194 967.3494695353465
277 3479.395799866325 1061.615162828816 967.3507382972604
278 3479.396664556603 1061.615283389431 967.3519629240434
279 3479.397499363395 1061.615399756247 967.3531449509765
280 3479.398305300686 1061.615512075127 967.3542858601471
