"current_file"
"Iteration" "current etc.."
("Iteration" "current" "max_temperature" "min_temperature")
1 0 1180.3 1063.499187965287
2 11417.30897482119 1062.27 961.7583831329596
3 10967.07484383173 1030.015674553643 870.7529341242342
4 8827.83338545375 1040.367511794963 783.6781502663434
5 4539.268432397846 1050.694011465852 790.3062641056894
6 7833.294621659457 1054.934173781726 869.3368905162583
7 11471.92236841184 1101.933604283329 956.2705795678843
8 13266.64794504072 1099.085840341391 993.4378337833432
9 12447.08007811168 1057.887132880846 994.1726880833121
10 8901.191874800817 1055.430353225054 986.7699206366051
11 6387.03436568628 1053.411047899615 975.9993922980594
12 4694.602341877778 1051.524226602599 964.8555310388682
13 3685.241020921689 1049.677576816192 953.7148483745447
14 3060.337878740633 1047.956393697751 942.7431976031098
15 2784.498010320742 1046.38916400451 931.7273855833411
16 2623.022009539101 1045.058879896083 920.8285708733242
17 2606.10167620868 1043.94950119383 911.3926347105599
18 2674.660074607442 1043.096882205439 904.0574427604333
19 2699.682228737715 1042.414890197207 898.3227689546682
20 2699.560902862093 1041.908320051293 893.7697017891132
21 2686.15121890139 1041.520680118975 890.1777619474294
22 2666.772997121737 1041.229269095951 887.3626175923606
23 2645.758915723622 1041.010004023482 885.1651517393334
24 2625.543813990847 1040.841351671787 883.4541079603121
25 2607.240015737056 1040.714699982554 882.1296474974896
26 2591.278210519148 1040.618218426331 881.1102641216914
27 2577.628826460089 1040.545204668762 880.3263482696794
28 2566.278586909032 1040.490026663944 879.7242671784793
29 2556.999728693463 1040.447944516576 879.2649324527023
30 2549.48639876207 1040.415575282482 878.916474295479
31 2543.471648821153 1040.392169127819 878.6479773579708
32 2538.677643649201 1040.372966856197 878.4456927971654
33 2534.867053888084 1040.359622996982 878.2924570641189
34 2531.866488128209 1040.349707551562 878.1759965526962
35 2529.519328221637 1040.341828481014 878.0882765992815
36 2527.688733609789 1040.335952673227 878.0231012716338
37 2526.263223457257 1040.331684097524 877.9742143698145
38 2525.158895467344 1040.328580216773 877.9372523006443
39 2524.309039777777 1040.326130389371 877.909840445492
40 2523.660401928443 1040.32438180641 877.88927943301
41 2523.168487778891 1040.32307885494 877.8739841978486
42 2522.80028662232 1040.322146178324 877.8626029161375
43 2522.526911005666 1040.321449081184 877.8541419267158
44 2522.326913372563 1040.320911501678 877.847428316216
45 2522.183159434477 1040.320540168537 877.8428175896215
46 2522.083815533343 1040.320253899377 877.8391481576641
47 2522.017097875859 1040.320069254505 877.8366883021849
48 2521.975621116261 1040.319919221353 877.8346882203638
49 2521.951435945675 1040.319833214767 877.8333773662887
50 2521.940288169972 1040.319769516952 877.8324294227838
51 2521.937120960086 1040.31973297148 877.8317346068459
52 2521.938919437181 1040.319704470081 877.8311938427252
53 2521.943717987865 1040.319680144916 877.8307614909443
54 2521.950131406644 1040.319658370656 877.8304102225081
55 2521.957180756166 1040.319640091055 877.8301156829583
56 2521.964212264777 1040.31962316829 877.829865192247
57 2521.970838244825 1040.319607613676 877.8296498777282
58 2521.976847074727 1040.319593219635 877.8294624853545
59 2521.982150639645 1040.319585935505 877.829338961548
60 2521.986738666387 1040.319571975359 877.8291941305438
61 2521.990461693382 1040.319564390977 877.8290880564299
62 2521.993524619812 1040.319551393704 877.8289675882208
63 2521.99590308833 1040.319545759031 877.8288800278482
64 2521.997889718685 1040.319537647526 877.828800960702
65 2521.999437491808 1040.319530856197 877.8287308860492
66 2522.000612951716 1040.319524616615 877.8286673614275
67 2522.001493779886 1040.319518879857 877.8286099754293
68 2522.002155128811 1040.319513805762 877.8285581922735
69 2522.002656923391 1040.319508951019 877.8285131455508
70 2522.003040149531 1040.319505217366 877.8284736023456
71 2522.003356028885 1040.319500023923 877.8284264980932
72 2522.003632344812 1040.31949747726 877.8283958820069
73 2522.003930225641 1040.319494609931 877.8283707451576
74 2522.004213189891 1040.319492523345 877.8283495755395
75 2522.004470485483 1040.319490673985 877.8283311326269
76 2522.004692250154 1040.319489051234 877.828315117172
77 2522.004904541413 1040.319487607746 877.8283008691313
78 2522.005091564385 1040.319486333846 877.8282883755277
79 2522.005263710402 1040.319485199871 877.8282773322437
80 2522.005424095521 1040.319484183794 877.8282675646486
81 2522.005573838704 1040.319483268592 877.8282589097747
82 2522.005713470098 1040.319482447242 877.8282512166309
83 2522.005843390625 1040.319481705845 877.8282443621715
84 2522.005964032764 1040.31948103537 877.8282382390909
85 2522.006075853359 1040.319480427524 877.8282327531909
86 2522.00617933118 1040.319479895981 877.8282280537871
87 2522.006273910767 1040.319478720026 877.8282213612747
88 2522.006354201476 1040.319478640689 877.8282173524822
89 2522.006439398744 1040.319478127508 877.8282136899136
90 2522.006523306147 1040.319477775307 877.828211196972
91 2522.006596689057 1040.31947752236 877.8282086897032
92 2522.006664529102 1040.319477229956 877.8282061426174
93 2522.0067274037 1040.319476988285 877.828203797402
94 2522.00678522914 1040.319476746474 877.828201634638
95 2522.006838112049 1040.319476520189 877.8281996233167
96 2522.006886084097 1040.31947611242 877.8281968070128
97 2522.006929251608 1040.319475961249 877.8281951247581
98 2522.006969864602 1040.319475798831 877.828193676161
99 2522.007007547832 1040.319475641737 877.8281922959561
100 2522.00704179054 1040.319475501484 877.8281910374328
101 2522.007072227108 1040.319475364177 877.8281898762618
102 2522.007098949368 1040.319475127975 877.8281883037356
103 2522.007122213528 1040.31947503283 877.828187324101
104 2522.007143374448 1040.319474938318 877.8281864648445
105 2522.00716244131 1040.319474842539 877.8281856534915
106 2522.00717936369 1040.319474756383 877.8281849264671
107 2522.007194126549 1040.319474609835 877.8281839816971
108 2522.007206889427 1040.319474550366 877.8281833736672
109 2522.007218378857 1040.319474490366 877.8281828428817
110 2522.007228651758 1040.31947443123 877.8281823442638
111 2522.007237684274 1040.319474334386 877.8281817282312
112 2522.007245500811 1040.319474295281 877.8281813267586
113 2522.007252531744 1040.319474255431 877.8281809742838
114 2522.007258780274 1040.319474223623 877.8281806874593
115 2522.007264235031 1040.319474155626 877.8281802841244
116 2522.007269048612 1040.319474130751 877.8281800153045
117 2522.007273337932 1040.319474103406 877.8281797800614
118 2522.007277077398 1040.319474087139 877.8281796177188
119 2522.007280296394 1040.31947403899 877.8281793516052
120 2522.007283184452 1040.319474021571 877.8281791739673
121 2522.007285707677 1040.31947400322 877.8281790160859
122 2522.007287863251 1040.31947397088 877.82817882667
123 2522.007289667049 1040.319473958629 877.8281786990484
124 2522.007291227963 1040.319473945689 877.8281785876262
125 2522.00729255737 1040.319473922589 877.8281784553451
126 2522.007293682266 1040.319473903448 877.8281783223541
127 2522.007294655099 1040.319473892678 877.8281782254395
128 2522.007295346325 1040.319473882316 877.8281781461368
129 2522.007295954886 1040.319473860634 877.8281780254238
130 2522.007296477585 1040.31947385109 877.8281779365931
131 2522.007296807269 1040.319473839948 877.8281778562189
132 2522.007296966723 1042.874949047609 882.4937786137378
133 2522.007297062123 1043.516423058958 887.7050032319333
134 2557.573551364517 1044.334460735146 892.8702807774208
135 2617.905671387108 1044.997440061376 897.6717784301109
136 2688.845335363696 1045.616221973568 902.0567365615406
137 2760.619831213535 1046.182210752863 906.0470905506021
138 2828.315523356976 1046.713699452451 909.6927991019744
139 2890.29871268589 1047.207985972841 913.0459394107671
140 2946.383676740731 1047.664340748784 916.1390126424609
141 2996.927659844946 1048.090661335563 918.9975251371169
142 3042.563930131603 1048.484045900103 921.6405265116065
143 3083.835949793836 1048.850852228629 924.0877941357749
144 3121.247994151104 1049.189750242037 926.3532382718776
145 3155.229581746552 1049.504089507384 928.4529937183127
146 3186.092290997394 1049.79593258453 930.3979130525594
147 3214.177639761424 1050.066014241365 932.1980370127222
148 3239.768808895003 1050.313545124902 933.8676839003148
149 3263.113635783423 1050.548940894379 935.4080790099534
150 3284.385156823283 1050.763755870899 936.8354078165333
151 3303.810648150086 1050.962867388336 938.1581676266222
152 3321.549019018337 1051.147650443072 939.3842252477871
153 3337.748250289873 1051.318568599578 940.5188105870471
154 3352.55665685601 1051.476997326036 941.568854059699
155 3366.104720693066 1051.621600515878 942.5428322733658
156 3378.499303138187 1051.757663107629 943.4426267942637
157 3389.82970786312 1051.884557827732 944.2729820722925
158 3400.209114399103 1052.000684757351 945.0427264407965
159 3409.729754581442 1052.108248250389 945.7549607009728
160 3418.466894098522 1052.207947480459 946.4144267264792
161 3426.492947011573 1052.300007291304 947.0244694250604
162 3433.861928892745 1052.385297082924 947.5890452151866
163 3440.626516722573 1052.464190902114 948.1113587487547
164 3446.840346468223 1052.537157581544 948.5945000069937
165 3452.549736361736 1052.604786484261 949.0415976182979
166 3457.799350459612 1052.667203373041 949.4551736466484
167 3462.630176046695 1052.724945107039 949.8375016582141
168 3467.075542292485 1052.778429590187 950.1911838539324
169 3471.167064062355 1052.827862302418 950.5182380325662
170 3474.934167194382 1052.873712953216 950.8210041255126
171 3478.403825289741 1052.916001563526 951.1012584495994
172 3481.597925550655 1052.95473789334 951.3606900081417
173 3484.543547347122 1052.991378374494 951.5998784278671
174 3487.258378299356 1053.024713891494 951.8210654073085
175 3489.760445698817 1053.055705283942 952.0257617451374
176 3492.069124957434 1053.084301693708 952.2151179023454
177 3494.197342110476 1053.110794852641 952.3901874169867
178 3496.161830128852 1053.135266993892 952.5521780909394
179 3497.973419156166 1053.157922454533 952.7019474213633
180 3499.645978592876 1053.178862037907 952.8405124685534
181 3501.188856618895 1053.198022422697 952.9689204097612
182 3502.612375767084 1053.216129615158 953.0871717254612
183 3503.92723737198 1053.232672369909 953.1966695015853
184 3505.141238451768 1053.248005173907 953.2979932943502
185 3506.262044865636 1053.262158351194 953.3916390357473
186 3507.297102620382 1053.275252156677 953.478221618646
187 3508.253258755416 1053.287359909727 953.5583145361808
188 3509.136544325777 1053.298556005747 953.6324168817328
189 3509.952519643944 1053.308910765925 953.7009090196598
190 3510.706474491412 1053.318485073429 953.7642660447216
191 3511.403104888841 1053.327247843779 953.8229311765335
192 3512.046839923684 1053.335520367364 953.8770171883485
193 3512.64118433225 1053.343083532312 953.9270615408807
194 3513.190537335287 1053.35008687442 953.9733656077678
195 3513.698426486918 1053.356559984407 954.0161932993724
196 3514.167876623434 1053.362546130053 954.0558002694357
197 3514.601742626571 1053.368081722025 954.0924401787439
198 3515.002589063238 1053.373197469502 954.1263090584512
199 3515.372960225878 1053.377930670946 954.1576226310392
200 3515.715233625686 1053.3823062608 954.1865737888781
201 3516.031594765115 1053.38635270808 954.2133441832507
202 3516.324034011589 1053.390053977339 954.2381435195131
203 3516.594376791636 1053.393553951101 954.2610018605313
204 3516.844099090391 1053.396749629754 954.2821383272823
205 3517.075058977915 1053.399709533692 954.3017003150794
206 3517.288672910903 1053.402445019203 954.3197983728195
207 3517.486199403675 1053.404947355018 954.3365668207387
208 3517.668807845203 1053.407313706242 954.3520236694204
209 3517.837473090864 1053.409473923544 954.3663230442778
210 3517.993432316506 1053.41147699192 954.3795563229435
211 3518.137657125218 1053.413324606851 954.3918040913189
212 3518.270841788325 1053.415035111739 954.4031158688277
213 3518.394054108182 1053.416616177 954.4135718502054
214 3518.508052491708 1053.418078183344 954.4232422026383
215 3518.613486998003 1053.419431536945 954.4321884718537
216 3518.710976652161 1053.420675480507 954.4404943852683
217 3518.800582605425 1053.421837519177 954.4481551644027
218 3518.883728054398 1053.422901760079 954.4552233074536
219 3518.96051038652 1053.423888982509 954.461780674278
220 3519.031470210718 1053.424803784569 954.4678282955491
221 3519.097159986369 1053.425638760784 954.473435418682
222 3519.157908690756 1053.426429264047 954.4785914794589
223 3519.21415545579 1053.427151074498 954.4833578112886
224 3519.266280976251 1053.427818588875 954.4877715617293
225 3519.31448520829 1053.428436499148 954.4918522957038
226 3519.359104526759 1053.429008300274 954.4956268595288
227 3519.400383448172 1053.429530435687 954.4991279714034
228 3519.438500249369 1053.430025046805 954.5023526842496
229 3519.473721102911 1053.430476737943 954.5053355134067
230 3519.506302653734 1053.430889872942 954.5081034963042
231 3519.536402366418 1053.431280966616 954.5106518549854
232 3519.56422906966 1053.431638035918 954.5130097440381
233 3519.589986459812 1053.431964841494 954.5151972730757
234 3519.613789376226 1053.432274462009 954.5172134473365
235 3519.635796757357 1053.432556447831 954.5190801200512
236 3519.656135539195 1053.432818019739 954.5208056563436
237 3519.674964022855 1053.43305989486 954.5224016146301
238 3519.692388822721 1053.433283188009 954.523879139088
239 3519.708483991337 1053.433487925873 954.525247283206
240 3519.723372642924 1053.43368109807 954.5265094210231
241 3519.737116152661 1053.433857841917 954.527675532699
242 3519.749837665208 1053.434021171542 954.5287555045747
243 3519.761598762214 1053.434172484089 954.5297535403711
244 3519.772486126576 1053.434312086129 954.5306768373933
245 3519.782547814721 1053.43444008217 954.5315319273461
246 3519.791859135491 1053.434560853343 954.5323206600747
247 3519.800455270038 1053.434670163962 954.5330512248138
248 3519.808412139327 1053.434773474502 954.5337254031735
249 3519.815761665383 1053.434866939 954.5343499894138
250 3519.822566773297 1053.434955280062 954.5349266245552
251 3519.828853067121 1053.435036081788 954.535459642501
252 3519.83467387307 1053.435109951637 954.535954348525
253 3519.840054764903 1053.435180016524 954.5364091394636
254 3519.845041358592 1053.435242997541 954.5368274984675
255 3519.849655903994 1053.435303403638 954.5372220429126
256 3519.853930711658 1053.435357263174 954.5375824973332
257 3519.857882284013 1053.435409285201 954.5379194945609
258 3519.86154005817 1053.435454213145 954.5382281573601
259 3519.864919743035 1053.435498861288 954.5385140954021
260 3519.868047482258 1053.435538839082 954.5387792727586
261 3519.870939249412 1053.435575923514 954.5390245479274
262 3519.87361473326 1053.435610134714 954.5392515116504
263 3519.876084741723 1053.435641833684 954.5394611008907
264 3519.878366998484 1053.435671083071 954.539654870972
265 3519.880472523027 1053.435698179561 954.539833780904
266 3519.882418133775 1053.435723174573 954.5399992028499
267 3519.884214043603 1053.435746326759 954.5401519714752
268 3519.88587461439 1053.435767681263 954.5402932501261
269 3519.887408127916 1053.435787461639 954.5404237436275
270 3519.888826675675 1053.435805706878 954.5405444402701
271 3519.890137094957 1053.435822608021 954.5406559331078
272 3519.89134942394 1053.435838214758 954.5407590918579
273 3519.892444930607 1053.43585263115 954.5408544391072
274 3519.893459046032 1053.435865975845 954.5409425072473
275 3519.894402788048 1053.435878282053 954.5410239689401
276 3519.895279385219 1053.435889681555 954.5410992129814
277 3519.896093723295 1053.435900197034 954.5411688282297
278 3519.89684839706 1053.435909832022 954.5412332087714
279 3519.897548235102 1053.435918931997 954.5412925820482
280 3519.898195541626 1053.435927527317 954.541346494451
281 3519.898811385358 1053.43593492774 954.5413960555826
282 3519.899383094373 1053.435941844041 954.5414435498858
283 3519.899894410168 1053.435948768405 954.5414869450252
284 3519.900370115606 1053.435954684423 954.5415264841308
285 3519.900809869175 1053.435960313393 954.5415635856858
286 3519.901214570851 1053.435965489908 954.5415979513456
287 3519.901587099573 1053.435970236189 954.5416297539026
288 3519.901910734754 1053.435974672363 954.5416591129676
289 3519.902228776696 1053.435978801964 954.5416861930088
290 3519.902507833426 1053.435982576969 954.5417112393284
